#
# There is insufficient memory for the Java Runtime Environment to continue.
# Native memory allocation (mmap) failed to map 264241152 bytes for G1 virtual space
# Possible reasons:
#   The system is out of physical RAM or swap space
#   The process is running with CompressedOops enabled, and the Java Heap may be blocking the growth of the native heap
# Possible solutions:
#   Reduce memory load on the system
#   Increase physical memory or swap space
#   Check if swap backing store is full
#   Decrease Java heap size (-Xmx/-Xms)
#   Decrease number of Java threads
#   Decrease Java thread stack sizes (-Xss)
#   Set larger code cache with -XX:ReservedCodeCacheSize=
#   JVM is running with Zero Based Compressed Oops mode in which the Java heap is
#     placed in the first 32GB address space. The Java Heap base address is the
#     maximum limit for the native heap growth. Please use -XX:HeapBaseMinAddress
#     to set the Java Heap base and to place the Java Heap above 32GB virtual address.
# This output file may be truncated or incomplete.
#
#  Out of Memory Error (os_windows.cpp:3528), pid=17520, tid=22128
#
# JRE version:  (20.0+36) (build )
# Java VM: Java HotSpot(TM) 64-Bit Server VM (20+36-2344, mixed mode, sharing, tiered, compressed oops, compressed class ptrs, g1 gc, windows-amd64)
# No core dump will be written. Minidumps are not enabled by default on client versions of Windows
#

---------------  S U M M A R Y ------------

Command Line: org.junit.runner.JUnitCore ArrayTests

Host: 12th Gen Intel(R) Core(TM) i7-1260P, 16 cores, 15G,  Windows 11 , 64 bit Build 22621 (10.0.22621.1635)
Time: Thu Jun  1 08:18:58 2023 Pacific Daylight Time elapsed time: 0.019027 seconds (0d 0h 0m 0s)

---------------  T H R E A D  ---------------

Current thread (0x0000020b5a66c660):  JavaThread "Unknown thread" [_thread_in_vm, id=22128, stack(0x000000d49c400000,0x000000d49c500000)]

Stack: [0x000000d49c400000,0x000000d49c500000]
Native frames: (J=compiled Java code, j=interpreted, Vv=VM code, C=native code)
V  [jvm.dll+0x6bb95a]
V  [jvm.dll+0x8483aa]
V  [jvm.dll+0x849fa5]
V  [jvm.dll+0x84a6a3]
V  [jvm.dll+0x280b0f]
V  [jvm.dll+0x6b86e9]
V  [jvm.dll+0x6ad2da]
V  [jvm.dll+0x35adf5]
V  [jvm.dll+0x363016]
V  [jvm.dll+0x3b3b3e]
V  [jvm.dll+0x3b3dc5]
V  [jvm.dll+0x32b50a]
V  [jvm.dll+0x32c32b]
V  [jvm.dll+0x81106f]
V  [jvm.dll+0x3c0d91]
V  [jvm.dll+0x7fcd93]
V  [jvm.dll+0x44c76f]
V  [jvm.dll+0x44e0e1]
C  [jli.dll+0x5287]
C  [ucrtbase.dll+0x29363]
C  [KERNEL32.DLL+0x126ad]
C  [ntdll.dll+0x5a9f8]


---------------  P R O C E S S  ---------------

Threads class SMR info:
_java_thread_list=0x00007fffc9b7a098, length=0, elements={
}

Java Threads: ( => current thread )

Other Threads:
  0x0000020b5a6dde40 WorkerThread "GC Thread#0" [stack: 0x000000d49c500000,0x000000d49c600000] [id=1644]
  0x0000020b5a6ee910 ConcurrentGCThread "G1 Main Marker" [stack: 0x000000d49c600000,0x000000d49c700000] [id=24592]
  0x0000020b5a6ef340 WorkerThread "G1 Conc#0" [stack: 0x000000d49c700000,0x000000d49c800000] [id=18644]

[error occurred during error reporting (printing all threads), id 0xc0000005, EXCEPTION_ACCESS_VIOLATION (0xc0000005) at pc=0x00007fffc935eb47]
VM state: not at safepoint (not fully initialized)

VM Mutex/Monitor currently owned by a thread:  ([mutex/lock_event])
[0x0000020b5a666b00] Heap_lock - owner thread: 0x0000020b5a66c660

Heap address: 0x0000000704400000, size: 4028 MB, Compressed Oops mode: Zero based, Oop shift amount: 3

CDS archive(s) mapped at: [0x0000000000000000-0x0000000000000000-0x0000000000000000), size 0, SharedBaseAddress: 0x0000000800000000, ArchiveRelocationMode: 0.
Narrow klass base: 0x0000000000000000, Narrow klass shift: 0, Narrow klass range: 0x0

GC Precious Log:
 CardTable entry size: 512
 Card Set container configuration: InlinePtr #cards 4 size 8 Array Of Cards #cards 16 size 48 Howl #buckets 8 coarsen threshold 3686 Howl Bitmap #cards 512 size 80 coarsen threshold 460 Card regions per heap region 1 cards per card region 4096

Heap:
 garbage-first heap   total 0K, used 0K [0x0000000704400000, 0x0000000800000000)
  region size 2048K, 0 young (0K), 0 survivors (0K)

[error occurred during error reporting (printing heap information), id 0xc0000005, EXCEPTION_ACCESS_VIOLATION (0xc0000005) at pc=0x00007fffc9733c59]
GC Heap History (0 events):
No events

Dll operation events (1 events):
Event: 0.009 Loaded shared library C:\Program Files\Java\jdk-20\bin\java.dll

Deoptimization events (0 events):
No events

Classes loaded (0 events):
No events

Classes unloaded (0 events):
No events

Classes redefined (0 events):
No events

Internal exceptions (0 events):
No events

VM Operations (0 events):
No events

Events (0 events):
No events


Dynamic libraries:
0x00007ff716ae0000 - 0x00007ff716af0000 	C:\Program Files\Java\jdk-20\bin\java.exe
0x00007ff85dc50000 - 0x00007ff85de64000 	C:\WINDOWS\SYSTEM32\ntdll.dll
0x00007ff85ccf0000 - 0x00007ff85cdb2000 	C:\WINDOWS\System32\KERNEL32.DLL
0x00007ff85b250000 - 0x00007ff85b5f3000 	C:\WINDOWS\System32\KERNELBASE.dll
0x00007ff85b930000 - 0x00007ff85ba41000 	C:\WINDOWS\System32\ucrtbase.dll
0x00007ff849aa0000 - 0x00007ff849ab9000 	C:\Program Files\Java\jdk-20\bin\jli.dll
0x00007ff85da40000 - 0x00007ff85daee000 	C:\WINDOWS\System32\ADVAPI32.dll
0x00007ff85c250000 - 0x00007ff85c2f7000 	C:\WINDOWS\System32\msvcrt.dll
0x00007ff840d30000 - 0x00007ff840d4b000 	C:\Program Files\Java\jdk-20\bin\VCRUNTIME140.dll
0x00007ff85c160000 - 0x00007ff85c204000 	C:\WINDOWS\System32\sechost.dll
0x00007ff85cdc0000 - 0x00007ff85ced7000 	C:\WINDOWS\System32\RPCRT4.dll
0x00007ff85bb60000 - 0x00007ff85bd0b000 	C:\WINDOWS\System32\USER32.dll
0x00007ff85b900000 - 0x00007ff85b926000 	C:\WINDOWS\System32\win32u.dll
0x00007ff82aab0000 - 0x00007ff82ad3e000 	C:\WINDOWS\WinSxS\amd64_microsoft.windows.common-controls_6595b64144ccf1df_6.0.22621.1635_none_270f70857386168e\COMCTL32.dll
0x00007ff85ccc0000 - 0x00007ff85cce9000 	C:\WINDOWS\System32\GDI32.dll
0x00007ff85b770000 - 0x00007ff85b888000 	C:\WINDOWS\System32\gdi32full.dll
0x00007ff85b070000 - 0x00007ff85b10a000 	C:\WINDOWS\System32\msvcp_win.dll
0x00007ff848120000 - 0x00007ff84812a000 	C:\WINDOWS\SYSTEM32\VERSION.dll
0x00007ff85c210000 - 0x00007ff85c241000 	C:\WINDOWS\System32\IMM32.DLL
0x00007ff851c50000 - 0x00007ff851c5c000 	C:\Program Files\Java\jdk-20\bin\vcruntime140_1.dll
0x00007ff815030000 - 0x00007ff8150be000 	C:\Program Files\Java\jdk-20\bin\msvcp140.dll
0x00007fffc9020000 - 0x00007fffc9cb7000 	C:\Program Files\Java\jdk-20\bin\server\jvm.dll
0x00007ff840260000 - 0x00007ff840269000 	C:\WINDOWS\SYSTEM32\WSOCK32.dll
0x00007ff84f800000 - 0x00007ff84f834000 	C:\WINDOWS\SYSTEM32\WINMM.dll
0x00007ff85cc40000 - 0x00007ff85ccb1000 	C:\WINDOWS\System32\WS2_32.dll
0x00007ff85a190000 - 0x00007ff85a1a8000 	C:\WINDOWS\SYSTEM32\kernel.appcore.dll
0x00007ff848dc0000 - 0x00007ff848dca000 	C:\Program Files\Java\jdk-20\bin\jimage.dll
0x00007ff858660000 - 0x00007ff85888e000 	C:\WINDOWS\SYSTEM32\DBGHELP.DLL
0x00007ff85cee0000 - 0x00007ff85d269000 	C:\WINDOWS\System32\combase.dll
0x00007ff85d2f0000 - 0x00007ff85d3c7000 	C:\WINDOWS\System32\OLEAUT32.dll
0x00007ff83e160000 - 0x00007ff83e192000 	C:\WINDOWS\SYSTEM32\dbgcore.DLL
0x00007ff85b1d0000 - 0x00007ff85b24b000 	C:\WINDOWS\System32\bcryptPrimitives.dll
0x00007ff821320000 - 0x00007ff821346000 	C:\Program Files\Java\jdk-20\bin\java.dll

dbghelp: loaded successfully - version: 4.0.5 - missing functions: none
symbol engine: initialized successfully - sym options: 0x614 - pdb path: .;C:\Program Files\Java\jdk-20\bin;C:\WINDOWS\SYSTEM32;C:\WINDOWS\WinSxS\amd64_microsoft.windows.common-controls_6595b64144ccf1df_6.0.22621.1635_none_270f70857386168e;C:\Program Files\Java\jdk-20\bin\server

VM Arguments:
java_command: org.junit.runner.JUnitCore ArrayTests
java_class_path (initial): .;lib/junit-4.13.2.jar;lib/hamcrest-core-1.3.jar
Launcher Type: SUN_STANDARD

[Global flags]
     intx CICompilerCount                          = 12                                        {product} {ergonomic}
     uint ConcGCThreads                            = 3                                         {product} {ergonomic}
     uint G1ConcRefinementThreads                  = 13                                        {product} {ergonomic}
   size_t G1HeapRegionSize                         = 2097152                                   {product} {ergonomic}
    uintx GCDrainStackTargetSize                   = 64                                        {product} {ergonomic}
   size_t InitialHeapSize                          = 264241152                                 {product} {ergonomic}
   size_t MarkStackSize                            = 4194304                                   {product} {ergonomic}
   size_t MaxHeapSize                              = 4223664128                                {product} {ergonomic}
   size_t MinHeapDeltaBytes                        = 2097152                                   {product} {ergonomic}
   size_t MinHeapSize                              = 8388608                                   {product} {ergonomic}
    uintx NonNMethodCodeHeapSize                   = 7602480                                {pd product} {ergonomic}
    uintx NonProfiledCodeHeapSize                  = 122027880                              {pd product} {ergonomic}
    uintx ProfiledCodeHeapSize                     = 122027880                              {pd product} {ergonomic}
    uintx ReservedCodeCacheSize                    = 251658240                              {pd product} {ergonomic}
     bool SegmentedCodeCache                       = true                                      {product} {ergonomic}
   size_t SoftMaxHeapSize                          = 4223664128                             {manageable} {ergonomic}
     bool UseCompressedClassPointers               = true                           {product lp64_product} {ergonomic}
     bool UseCompressedOops                        = true                           {product lp64_product} {ergonomic}
     bool UseG1GC                                  = true                                      {product} {ergonomic}
     bool UseLargePagesIndividualAllocation        = false                                  {pd product} {ergonomic}

Logging:
Log output configuration:
 #0: stdout all=warning uptime,level,tags foldmultilines=false
 #1: stderr all=off uptime,level,tags foldmultilines=false

Environment Variables:
PATH=C:\Users\ericl\bin;C:\Program Files\Git\mingw64\bin;C:\Program Files\Git\usr\local\bin;C:\Program Files\Git\usr\bin;C:\Program Files\Git\usr\bin;C:\Program Files\Git\mingw64\bin;C:\Program Files\Git\usr\bin;C:\Users\ericl\bin;C:\Program Files\Common Files\Oracle\Java\javapath;C:\WINDOWS\system32;C:\WINDOWS;C:\WINDOWS\System32\Wbem;C:\WINDOWS\System32\WindowsPowerShell\v1.0;C:\WINDOWS\System32\OpenSSH;C:\Program Files\Git\cmd;C:\Program Files\MATLAB\R2023a\bin;C:\Users\ericl\AppData\Local\Microsoft\WindowsApps;C:\Users\ericl\AppData\Local\Programs\Microsoft VS Code\bin;C:\Users\ericl\AppData\Local\GitHubDesktop\bin;C:\Program Files\Git\usr\bin\vendor_perl;C:\Program Files\Git\usr\bin\core_perl
USERNAME=ericl
SHELL=C:\Program Files\Git\usr\bin\bash.exe
DISPLAY=needs-to-be-defined
LANG=en_US.UTF-8
TERM=xterm-256color
TMPDIR=C:\Users\ericl\AppData\Local\Temp
OS=Windows_NT
PROCESSOR_IDENTIFIER=Intel64 Family 6 Model 154 Stepping 3, GenuineIntel
TMP=C:\Users\ericl\AppData\Local\Temp
TEMP=C:\Users\ericl\AppData\Local\Temp




---------------  S Y S T E M  ---------------

OS:
 Windows 11 , 64 bit Build 22621 (10.0.22621.1635)
OS uptime: 2 days 13:07 hours
Hyper-V role detected

CPU: total 16 (initial active 16) (8 cores per cpu, 2 threads per core) family 6 model 154 stepping 3 microcode 0x416, cx8, cmov, fxsr, ht, mmx, 3dnowpref, sse, sse2, sse3, ssse3, sse4.1, sse4.2, popcnt, lzcnt, tsc, tscinvbit, avx, avx2, aes, erms, clmul, bmi1, bmi2, adx, sha, fma, vzeroupper, clflush, clflushopt, clwb, hv, serialize, rdtscp, rdpid, fsrm, f16c, cet_ibt, cet_ss

Memory: 4k page, system-wide physical 16108M (3171M free)
TotalPageFile size 28108M (AvailPageFile size 207M)
current process WorkingSet (physical memory assigned to process): 11M, peak: 11M
current process commit charge ("private bytes"): 70M, peak: 322M

vm_info: Java HotSpot(TM) 64-Bit Server VM (20+36-2344) for windows-amd64 JRE (20+36-2344), built on 2023-02-10T19:30:15Z by "mach5one" with MS VC++ 17.1 (VS2022)

END.
